<?xml version="1.0" encoding="UTF-8"?>
<!-- Generated by org.testng.reporters.JUnitReportReporter -->
<testsuite hostname="BRU" failures="0" tests="1" name="package1.Class2" time="23.220" errors="0" timestamp="2023-12-18T19:28:48 IST" skipped="0">
  <testcase classname="package1.Class2" name="tc2" time="23.220"/>
  <system-out/>
</testsuite> <!-- package1.Class2 -->
