<?xml version="1.0" encoding="UTF-8"?>
<!-- Generated by org.testng.reporters.JUnitReportReporter -->
<testsuite hostname="BRU" failures="0" tests="1" name="extentreport.EReport1" time="25.868" errors="0" timestamp="2023-12-22T15:58:42 IST" skipped="0">
  <testcase classname="extentreport.EReport1" name="extentReportsDemo" time="25.868"/>
  <system-out/>
</testsuite> <!-- extentreport.EReport1 -->
