<?xml version="1.0" encoding="UTF-8"?>
<!-- Generated by org.testng.reporters.JUnitReportReporter -->
<testsuite hostname="BRU" failures="0" tests="1" name="package1.Class1" time="63.672" errors="0" timestamp="2023-12-18T22:51:09 IST" skipped="0">
  <testcase classname="package1.Class1" name="tc1" time="63.672"/>
  <system-out/>
</testsuite> <!-- package1.Class1 -->
