<?xml version="1.0" encoding="UTF-8"?>
<!-- Generated by org.testng.reporters.JUnitReportReporter -->
<testsuite hostname="BRU" failures="0" tests="1" name="package2.Class3" time="47.614" errors="0" timestamp="2023-12-18T14:02:43 IST" skipped="0">
  <testcase classname="package2.Class3" name="tc3" time="47.614"/>
  <system-out/>
</testsuite> <!-- package2.Class3 -->
